Traceback (most recent call last):
  File "/n/data1/hms/dbmi/farhat/alex/conda_envs/hgdcm/lib/python3.10/runpy.py", line 196, in _run_module_as_main
    return _run_code(code, main_globals, None,
  File "/n/data1/hms/dbmi/farhat/alex/conda_envs/hgdcm/lib/python3.10/runpy.py", line 86, in _run_code
    exec(code, run_globals)
  File "/n/data1/hms/dbmi/farhat/alex/Pandemic-Early-Warning/run_training/train_past_guided.py", line 296, in <module>
    run_training(
  File "/n/data1/hms/dbmi/farhat/alex/Pandemic-Early-Warning/run_training/train_past_guided.py", line 133, in run_training
    loss_weight=selftune_weight[1])
IndexError: list index out of range
==== Hyperparameters ====
lr: 1e-05
batch_size: 1247
target_training_len: 56
pred_len: 84
record_run: True
max_epochs: 1000
log_dir: logs/
loss: Combined_Loss
dropout: 0.0
past_pandemics: ['dengue', 'ebola', 'sars', 'influenza']
target_pandemic: covid
include_death: False
target_self_tuning: True
selftune_weight: ['0.3,0.7']
output_dir: output/past_guided/08-01-1000_56-84/
population_weighting: False
use_lr_scheduler: True
loss_mae_weight: 0.5
loss_mape_weight: 100.0
compartmental_model: delphi
input_log_transform: True
========================
>>>>>>>>>> Processing Past Pandemic Data >>>>>>>>>>
Raw Data Num: 1133
Data Num after shifting: 11410
Past Pandemic Training Size:11410
>>>>>>>>>> Processing Self-tune Pandemic Data >>>>>>>>>>
