GPU available: True (cuda), used: True
TPU available: False, using: 0 TPU cores
HPU available: False, using: 0 HPUs
/n/data1/hms/dbmi/farhat/alex/conda_envs/hgdcm/lib/python3.10/site-packages/pytorch_lightning/trainer/connectors/logger_connector/logger_connector.py:76: Starting from v1.9.0, `tensorboardX` has been removed as a dependency of the `pytorch_lightning` package, due to potential conflicts with other packages in the ML ecosystem. For this reason, `logger=True` will use `CSVLogger` as the default logger, unless the `tensorboard` or `tensorboardX` packages are found. Please `pip install lightning[extra]` or one of them to enable TensorBoard support by default
You are using a CUDA device ('NVIDIA A100 80GB PCIe MIG 3g.40gb') that has Tensor Cores. To properly utilize them, you should set `torch.set_float32_matmul_precision('medium' | 'high')` which will trade-off precision for performance. For more details, read https://pytorch.org/docs/stable/generated/torch.set_float32_matmul_precision.html#torch.set_float32_matmul_precision
LOCAL_RANK: 0 - CUDA_VISIBLE_DEVICES: [0]

  | Name    | Type                         | Params | Mode 
-----------------------------------------------------------------
0 | model   | pandemic_early_warning_model | 17.2 M | train
1 | loss_fn | Combined_Loss                | 0      | train
-----------------------------------------------------------------
17.2 M    Trainable params
0         Non-trainable params
17.2 M    Total params
68.807    Total estimated model params size (MB)
108       Modules in train mode
0         Modules in eval mode
SLURM auto-requeueing enabled. Setting signal handlers.
/n/data1/hms/dbmi/farhat/alex/conda_envs/hgdcm/lib/python3.10/site-packages/torch/nn/modules/conv.py:306: UserWarning: Applied workaround for CuDNN issue, install nvrtc.so (Triggered internally at ../aten/src/ATen/native/cudnn/Conv_v8.cpp:80.)
  return F.conv1d(input, weight, bias, self.stride,
slurmstepd: error: *** JOB 9107487 ON compute-g-17-165 CANCELLED AT 2025-07-31T12:00:48 ***
